{"numFailedTestSuites":4,"numFailedTests":26,"numPassedTestSuites":11,"numPassedTests":38,"numPendingTestSuites":0,"numPendingTests":0,"numRuntimeErrorTestSuites":0,"numTodoTests":0,"numTotalTestSuites":15,"numTotalTests":64,"openHandles":[],"snapshot":{"added":0,"didUpdate":false,"failure":false,"filesAdded":0,"filesRemoved":0,"filesRemovedList":[],"filesUnmatched":0,"filesUpdated":0,"matched":0,"total":0,"unchecked":0,"uncheckedKeysByFile":[],"unmatched":0,"updated":0},"startTime":1776599280405,"success":false,"testResults":[{"assertionResults":[{"ancestorTitles":["Indicator Statistics","GET /indicators/:id/stats"],"duration":131,"failureDetails":[],"failureMessages":[],"fullName":"Indicator Statistics GET /indicators/:id/stats should return comprehensive statistics","invocations":1,"location":null,"numPassingAsserts":12,"retryReasons":[],"status":"passed","title":"should return comprehensive statistics"},{"ancestorTitles":["Indicator Statistics","GET /indicators/:id/stats"],"duration":55,"failureDetails":[],"failureMessages":[],"fullName":"Indicator Statistics GET /indicators/:id/stats should calculate progress to target correctly","invocations":1,"location":null,"numPassingAsserts":1,"retryReasons":[],"status":"passed","title":"should calculate progress to target correctly"},{"ancestorTitles":["Indicator Statistics","GET /indicators/:id/stats"],"duration":55,"failureDetails":[],"failureMessages":[],"fullName":"Indicator Statistics GET /indicators/:id/stats should calculate progress from baseline correctly","invocations":1,"location":null,"numPassingAsserts":1,"retryReasons":[],"status":"passed","title":"should calculate progress from baseline correctly"},{"ancestorTitles":["Indicator Statistics","GET /indicators/:id/stats"],"duration":61,"failureDetails":[],"failureMessages":[],"fullName":"Indicator Statistics GET /indicators/:id/stats should detect increasing trend","invocations":1,"location":null,"numPassingAsserts":1,"retryReasons":[],"status":"passed","title":"should detect increasing trend"},{"ancestorTitles":["Indicator Statistics","Trend Detection"],"duration":47,"failureDetails":[],"failureMessages":[],"fullName":"Indicator Statistics Trend Detection should detect decreasing trend","invocations":1,"location":null,"numPassingAsserts":2,"retryReasons":[],"status":"passed","title":"should detect decreasing trend"},{"ancestorTitles":["Indicator Statistics","Trend Detection"],"duration":41,"failureDetails":[{"matcherResult":{"actual":"increasing","expected":"stable","message":"expect(received).toBe(expected) // Object.is equality\n\nExpected: \"stable\"\nReceived: \"increasing\"","name":"toBe","pass":false}}],"failureMessages":["Error: expect(received).toBe(expected) // Object.is equality\n\nExpected: \"stable\"\nReceived: \"increasing\"\n    at Object.<anonymous> (/home/abishakya/Fyp/Merlin/apps/api/tests/indicator-stats.test.ts:219:36)\n    at processTicksAndRejections (node:internal/process/task_queues:95:5)"],"fullName":"Indicator Statistics Trend Detection should detect stable trend","invocations":1,"location":null,"numPassingAsserts":1,"retryReasons":[],"status":"failed","title":"should detect stable trend"},{"ancestorTitles":["Indicator Statistics","Empty Indicator Stats"],"duration":20,"failureDetails":[],"failureMessages":[],"fullName":"Indicator Statistics Empty Indicator Stats should return null stats for indicator with no submissions","invocations":1,"location":null,"numPassingAsserts":2,"retryReasons":[],"status":"passed","title":"should return null stats for indicator with no submissions"}],"endTime":1776599290487,"message":"  ● Indicator Statistics › Trend Detection › should detect stable trend\n\n    expect(received).toBe(expected) // Object.is equality\n\n    Expected: \"stable\"\n    Received: \"increasing\"\n\n      217 |\n      218 |       expect(res.status).toBe(200);\n    > 219 |       expect(res.body.stats.trend).toBe(\"stable\");\n          |                                    ^\n      220 |\n      221 |       await prisma.submission.deleteMany({\n      222 |         where: { indicatorId: indicator.id },\n\n      at Object.<anonymous> (tests/indicator-stats.test.ts:219:36)\n","name":"/home/abishakya/Fyp/Merlin/apps/api/tests/indicator-stats.test.ts","startTime":1776599280480,"status":"failed","summary":""},{"assertionResults":[{"ancestorTitles":["Anomaly Detection System","Rule-based Range Detection"],"duration":45,"failureDetails":[],"failureMessages":[],"fullName":"Anomaly Detection System Rule-based Range Detection should flag values below minimum as anomaly","invocations":1,"location":null,"numPassingAsserts":4,"retryReasons":[],"status":"passed","title":"should flag values below minimum as anomaly"},{"ancestorTitles":["Anomaly Detection System","Rule-based Range Detection"],"duration":27,"failureDetails":[],"failureMessages":[],"fullName":"Anomaly Detection System Rule-based Range Detection should flag values above maximum as anomaly","invocations":1,"location":null,"numPassingAsserts":3,"retryReasons":[],"status":"passed","title":"should flag values above maximum as anomaly"},{"ancestorTitles":["Anomaly Detection System","Rule-based Change Detection"],"duration":50,"failureDetails":[],"failureMessages":[],"fullName":"Anomaly Detection System Rule-based Change Detection should flag large percent change as anomaly","invocations":1,"location":null,"numPassingAsserts":3,"retryReasons":[],"status":"passed","title":"should flag large percent change as anomaly"},{"ancestorTitles":["Anomaly Detection System","Rule-based Change Detection"],"duration":37,"failureDetails":[],"failureMessages":[],"fullName":"Anomaly Detection System Rule-based Change Detection should not flag small change","invocations":1,"location":null,"numPassingAsserts":2,"retryReasons":[],"status":"passed","title":"should not flag small change"},{"ancestorTitles":["Anomaly Detection System","Anomaly Management"],"duration":37,"failureDetails":[],"failureMessages":[],"fullName":"Anomaly Detection System Anomaly Management should acknowledge anomaly","invocations":1,"location":null,"numPassingAsserts":4,"retryReasons":[],"status":"passed","title":"should acknowledge anomaly"},{"ancestorTitles":["Anomaly Detection System","Anomaly Management"],"duration":26,"failureDetails":[],"failureMessages":[],"fullName":"Anomaly Detection System Anomaly Management should resolve anomaly","invocations":1,"location":null,"numPassingAsserts":2,"retryReasons":[],"status":"passed","title":"should resolve anomaly"},{"ancestorTitles":["Anomaly Detection System","Anomaly Management"],"duration":27,"failureDetails":[],"failureMessages":[],"fullName":"Anomaly Detection System Anomaly Management should mark anomaly as false positive","invocations":1,"location":null,"numPassingAsserts":2,"retryReasons":[],"status":"passed","title":"should mark anomaly as false positive"},{"ancestorTitles":["Anomaly Detection System","Anomaly Management"],"duration":29,"failureDetails":[],"failureMessages":[],"fullName":"Anomaly Detection System Anomaly Management should update anomaly status","invocations":1,"location":null,"numPassingAsserts":2,"retryReasons":[],"status":"passed","title":"should update anomaly status"},{"ancestorTitles":["Anomaly Detection System","Anomaly Management"],"duration":36,"failureDetails":[],"failureMessages":[],"fullName":"Anomaly Detection System Anomaly Management should reject anomaly operations on non-anomaly submission","invocations":1,"location":null,"numPassingAsserts":2,"retryReasons":[],"status":"passed","title":"should reject anomaly operations on non-anomaly submission"},{"ancestorTitles":["Anomaly Detection System","Disabled Anomaly Detection"],"duration":24,"failureDetails":[],"failureMessages":[],"fullName":"Anomaly Detection System Disabled Anomaly Detection should not detect anomalies when disabled","invocations":1,"location":null,"numPassingAsserts":2,"retryReasons":[],"status":"passed","title":"should not detect anomalies when disabled"}],"endTime":1776599293978,"message":"","name":"/home/abishakya/Fyp/Merlin/apps/api/tests/anomaly.test.ts","startTime":1776599290510,"status":"passed","summary":""},{"assertionResults":[{"ancestorTitles":["Reporting Gap Detection","GET /indicators/:id/gaps"],"duration":48,"failureDetails":[],"failureMessages":[],"fullName":"Reporting Gap Detection GET /indicators/:id/gaps should detect monthly reporting gaps","invocations":1,"location":null,"numPassingAsserts":5,"retryReasons":[],"status":"passed","title":"should detect monthly reporting gaps"},{"ancestorTitles":["Reporting Gap Detection","GET /indicators/:id/gaps"],"duration":32,"failureDetails":[],"failureMessages":[],"fullName":"Reporting Gap Detection GET /indicators/:id/gaps should detect weekly reporting gaps","invocations":1,"location":null,"numPassingAsserts":3,"retryReasons":[],"status":"passed","title":"should detect weekly reporting gaps"},{"ancestorTitles":["Reporting Gap Detection","GET /indicators/:id/gaps"],"duration":28,"failureDetails":[],"failureMessages":[],"fullName":"Reporting Gap Detection GET /indicators/:id/gaps should detect daily reporting gaps","invocations":1,"location":null,"numPassingAsserts":3,"retryReasons":[],"status":"passed","title":"should detect daily reporting gaps"},{"ancestorTitles":["Reporting Gap Detection","GET /indicators/:id/gaps"],"duration":48,"failureDetails":[],"failureMessages":[],"fullName":"Reporting Gap Detection GET /indicators/:id/gaps should return no gaps for consistent reporting","invocations":1,"location":null,"numPassingAsserts":3,"retryReasons":[],"status":"passed","title":"should return no gaps for consistent reporting"},{"ancestorTitles":["Reporting Gap Detection","GET /indicators/:id/gaps"],"duration":29,"failureDetails":[],"failureMessages":[],"fullName":"Reporting Gap Detection GET /indicators/:id/gaps should return empty array for insufficient data","invocations":1,"location":null,"numPassingAsserts":2,"retryReasons":[],"status":"passed","title":"should return empty array for insufficient data"},{"ancestorTitles":["Reporting Gap Detection","GET /indicators/:id/gaps"],"duration":32,"failureDetails":[],"failureMessages":[],"fullName":"Reporting Gap Detection GET /indicators/:id/gaps should include gap metadata","invocations":1,"location":null,"numPassingAsserts":8,"retryReasons":[],"status":"passed","title":"should include gap metadata"}],"endTime":1776599297330,"message":"","name":"/home/abishakya/Fyp/Merlin/apps/api/tests/reporting-gaps.test.ts","startTime":1776599293989,"status":"passed","summary":""},{"assertionResults":[{"ancestorTitles":["Disaggregated Categorical Indicators - District Reporting"],"duration":0,"failureDetails":[{"name":"TSError","diagnosticText":"\u001b[96mtests/helpers/createAdminAndToken.ts\u001b[0m:\u001b[93m21\u001b[0m:\u001b[93m5\u001b[0m - \u001b[91merror\u001b[0m\u001b[90m TS2322: \u001b[0mType '{ name: string; }' is not assignable to type 'OrganizationWhereUniqueInput'.\n  Type '{ name: string; }' is not assignable to type '{ id: number; } & { id?: number | undefined; AND?: OrganizationWhereInput | OrganizationWhereInput[] | undefined; OR?: OrganizationWhereInput[] | undefined; ... 5 more ...; invitations?: InvitationListRelationFilter | undefined; }'.\n    Property 'id' is missing in type '{ name: string; }' but required in type '{ id: number; }'.\n\n\u001b[7m21\u001b[0m     where: { name: 'Test Admin Org' },\n\u001b[7m  \u001b[0m \u001b[91m    ~~~~~\u001b[0m\n\n  \u001b[96mnode_modules/.prisma/client/index.d.ts\u001b[0m:\u001b[93m6573\u001b[0m:\u001b[93m5\u001b[0m\n    \u001b[7m6573\u001b[0m     where: OrganizationWhereUniqueInput\n    \u001b[7m    \u001b[0m \u001b[96m    ~~~~~\u001b[0m\n    The expected type comes from property 'where' which is declared here on type '{ select?: OrganizationSelect<DefaultArgs> | null | undefined; include?: OrganizationInclude<DefaultArgs> | null | undefined; where: OrganizationWhereUniqueInput; create: (Without<...> & OrganizationUncheckedCreateInput) | (Without<...> & OrganizationCreateInput); update: (Without<...> & OrganizationUncheckedUpdateI...'\n","diagnosticCodes":[2322]}],"failureMessages":[""],"fullName":"Disaggregated Categorical Indicators - District Reporting should create a categorical indicator with disaggregation dimensions (75 districts)","invocations":1,"location":null,"numPassingAsserts":0,"retryReasons":[],"status":"failed","title":"should create a categorical indicator with disaggregation dimensions (75 districts)"},{"ancestorTitles":["Disaggregated Categorical Indicators - District Reporting"],"duration":0,"failureDetails":[{"name":"TSError","diagnosticText":"\u001b[96mtests/helpers/createAdminAndToken.ts\u001b[0m:\u001b[93m21\u001b[0m:\u001b[93m5\u001b[0m - \u001b[91merror\u001b[0m\u001b[90m TS2322: \u001b[0mType '{ name: string; }' is not assignable to type 'OrganizationWhereUniqueInput'.\n  Type '{ name: string; }' is not assignable to type '{ id: number; } & { id?: number | undefined; AND?: OrganizationWhereInput | OrganizationWhereInput[] | undefined; OR?: OrganizationWhereInput[] | undefined; ... 5 more ...; invitations?: InvitationListRelationFilter | undefined; }'.\n    Property 'id' is missing in type '{ name: string; }' but required in type '{ id: number; }'.\n\n\u001b[7m21\u001b[0m     where: { name: 'Test Admin Org' },\n\u001b[7m  \u001b[0m \u001b[91m    ~~~~~\u001b[0m\n\n  \u001b[96mnode_modules/.prisma/client/index.d.ts\u001b[0m:\u001b[93m6573\u001b[0m:\u001b[93m5\u001b[0m\n    \u001b[7m6573\u001b[0m     where: OrganizationWhereUniqueInput\n    \u001b[7m    \u001b[0m \u001b[96m    ~~~~~\u001b[0m\n    The expected type comes from property 'where' which is declared here on type '{ select?: OrganizationSelect<DefaultArgs> | null | undefined; include?: OrganizationInclude<DefaultArgs> | null | undefined; where: OrganizationWhereUniqueInput; create: (Without<...> & OrganizationUncheckedCreateInput) | (Without<...> & OrganizationCreateInput); update: (Without<...> & OrganizationUncheckedUpdateI...'\n","diagnosticCodes":[2322]}],"failureMessages":[""],"fullName":"Disaggregated Categorical Indicators - District Reporting should allow numeric indicator with disaggregation dimensions","invocations":1,"location":null,"numPassingAsserts":0,"retryReasons":[],"status":"failed","title":"should allow numeric indicator with disaggregation dimensions"},{"ancestorTitles":["Disaggregated Categorical Indicators - District Reporting"],"duration":0,"failureDetails":[{"name":"TSError","diagnosticText":"\u001b[96mtests/helpers/createAdminAndToken.ts\u001b[0m:\u001b[93m21\u001b[0m:\u001b[93m5\u001b[0m - \u001b[91merror\u001b[0m\u001b[90m TS2322: \u001b[0mType '{ name: string; }' is not assignable to type 'OrganizationWhereUniqueInput'.\n  Type '{ name: string; }' is not assignable to type '{ id: number; } & { id?: number | undefined; AND?: OrganizationWhereInput | OrganizationWhereInput[] | undefined; OR?: OrganizationWhereInput[] | undefined; ... 5 more ...; invitations?: InvitationListRelationFilter | undefined; }'.\n    Property 'id' is missing in type '{ name: string; }' but required in type '{ id: number; }'.\n\n\u001b[7m21\u001b[0m     where: { name: 'Test Admin Org' },\n\u001b[7m  \u001b[0m \u001b[91m    ~~~~~\u001b[0m\n\n  \u001b[96mnode_modules/.prisma/client/index.d.ts\u001b[0m:\u001b[93m6573\u001b[0m:\u001b[93m5\u001b[0m\n    \u001b[7m6573\u001b[0m     where: OrganizationWhereUniqueInput\n    \u001b[7m    \u001b[0m \u001b[96m    ~~~~~\u001b[0m\n    The expected type comes from property 'where' which is declared here on type '{ select?: OrganizationSelect<DefaultArgs> | null | undefined; include?: OrganizationInclude<DefaultArgs> | null | undefined; where: OrganizationWhereUniqueInput; create: (Without<...> & OrganizationUncheckedCreateInput) | (Without<...> & OrganizationCreateInput); update: (Without<...> & OrganizationUncheckedUpdateI...'\n","diagnosticCodes":[2322]}],"failureMessages":[""],"fullName":"Disaggregated Categorical Indicators - District Reporting should create disaggregated submissions for multiple districts","invocations":1,"location":null,"numPassingAsserts":0,"retryReasons":[],"status":"failed","title":"should create disaggregated submissions for multiple districts"},{"ancestorTitles":["Disaggregated Categorical Indicators - District Reporting"],"duration":0,"failureDetails":[{"name":"TSError","diagnosticText":"\u001b[96mtests/helpers/createAdminAndToken.ts\u001b[0m:\u001b[93m21\u001b[0m:\u001b[93m5\u001b[0m - \u001b[91merror\u001b[0m\u001b[90m TS2322: \u001b[0mType '{ name: string; }' is not assignable to type 'OrganizationWhereUniqueInput'.\n  Type '{ name: string; }' is not assignable to type '{ id: number; } & { id?: number | undefined; AND?: OrganizationWhereInput | OrganizationWhereInput[] | undefined; OR?: OrganizationWhereInput[] | undefined; ... 5 more ...; invitations?: InvitationListRelationFilter | undefined; }'.\n    Property 'id' is missing in type '{ name: string; }' but required in type '{ id: number; }'.\n\n\u001b[7m21\u001b[0m     where: { name: 'Test Admin Org' },\n\u001b[7m  \u001b[0m \u001b[91m    ~~~~~\u001b[0m\n\n  \u001b[96mnode_modules/.prisma/client/index.d.ts\u001b[0m:\u001b[93m6573\u001b[0m:\u001b[93m5\u001b[0m\n    \u001b[7m6573\u001b[0m     where: OrganizationWhereUniqueInput\n    \u001b[7m    \u001b[0m \u001b[96m    ~~~~~\u001b[0m\n    The expected type comes from property 'where' which is declared here on type '{ select?: OrganizationSelect<DefaultArgs> | null | undefined; include?: OrganizationInclude<DefaultArgs> | null | undefined; where: OrganizationWhereUniqueInput; create: (Without<...> & OrganizationUncheckedCreateInput) | (Without<...> & OrganizationCreateInput); update: (Without<...> & OrganizationUncheckedUpdateI...'\n","diagnosticCodes":[2322]}],"failureMessages":[""],"fullName":"Disaggregated Categorical Indicators - District Reporting should validate disaggregation key against defined dimensions","invocations":1,"location":null,"numPassingAsserts":0,"retryReasons":[],"status":"failed","title":"should validate disaggregation key against defined dimensions"},{"ancestorTitles":["Disaggregated Categorical Indicators - District Reporting"],"duration":0,"failureDetails":[{"name":"TSError","diagnosticText":"\u001b[96mtests/helpers/createAdminAndToken.ts\u001b[0m:\u001b[93m21\u001b[0m:\u001b[93m5\u001b[0m - \u001b[91merror\u001b[0m\u001b[90m TS2322: \u001b[0mType '{ name: string; }' is not assignable to type 'OrganizationWhereUniqueInput'.\n  Type '{ name: string; }' is not assignable to type '{ id: number; } & { id?: number | undefined; AND?: OrganizationWhereInput | OrganizationWhereInput[] | undefined; OR?: OrganizationWhereInput[] | undefined; ... 5 more ...; invitations?: InvitationListRelationFilter | undefined; }'.\n    Property 'id' is missing in type '{ name: string; }' but required in type '{ id: number; }'.\n\n\u001b[7m21\u001b[0m     where: { name: 'Test Admin Org' },\n\u001b[7m  \u001b[0m \u001b[91m    ~~~~~\u001b[0m\n\n  \u001b[96mnode_modules/.prisma/client/index.d.ts\u001b[0m:\u001b[93m6573\u001b[0m:\u001b[93m5\u001b[0m\n    \u001b[7m6573\u001b[0m     where: OrganizationWhereUniqueInput\n    \u001b[7m    \u001b[0m \u001b[96m    ~~~~~\u001b[0m\n    The expected type comes from property 'where' which is declared here on type '{ select?: OrganizationSelect<DefaultArgs> | null | undefined; include?: OrganizationInclude<DefaultArgs> | null | undefined; where: OrganizationWhereUniqueInput; create: (Without<...> & OrganizationUncheckedCreateInput) | (Without<...> & OrganizationCreateInput); update: (Without<...> & OrganizationUncheckedUpdateI...'\n","diagnosticCodes":[2322]}],"failureMessages":[""],"fullName":"Disaggregated Categorical Indicators - District Reporting should require disaggregation key when dimension is required","invocations":1,"location":null,"numPassingAsserts":0,"retryReasons":[],"status":"failed","title":"should require disaggregation key when dimension is required"},{"ancestorTitles":["Disaggregated Categorical Indicators - District Reporting"],"duration":0,"failureDetails":[{"name":"TSError","diagnosticText":"\u001b[96mtests/helpers/createAdminAndToken.ts\u001b[0m:\u001b[93m21\u001b[0m:\u001b[93m5\u001b[0m - \u001b[91merror\u001b[0m\u001b[90m TS2322: \u001b[0mType '{ name: string; }' is not assignable to type 'OrganizationWhereUniqueInput'.\n  Type '{ name: string; }' is not assignable to type '{ id: number; } & { id?: number | undefined; AND?: OrganizationWhereInput | OrganizationWhereInput[] | undefined; OR?: OrganizationWhereInput[] | undefined; ... 5 more ...; invitations?: InvitationListRelationFilter | undefined; }'.\n    Property 'id' is missing in type '{ name: string; }' but required in type '{ id: number; }'.\n\n\u001b[7m21\u001b[0m     where: { name: 'Test Admin Org' },\n\u001b[7m  \u001b[0m \u001b[91m    ~~~~~\u001b[0m\n\n  \u001b[96mnode_modules/.prisma/client/index.d.ts\u001b[0m:\u001b[93m6573\u001b[0m:\u001b[93m5\u001b[0m\n    \u001b[7m6573\u001b[0m     where: OrganizationWhereUniqueInput\n    \u001b[7m    \u001b[0m \u001b[96m    ~~~~~\u001b[0m\n    The expected type comes from property 'where' which is declared here on type '{ select?: OrganizationSelect<DefaultArgs> | null | undefined; include?: OrganizationInclude<DefaultArgs> | null | undefined; where: OrganizationWhereUniqueInput; create: (Without<...> & OrganizationUncheckedCreateInput) | (Without<...> & OrganizationCreateInput); update: (Without<...> & OrganizationUncheckedUpdateI...'\n","diagnosticCodes":[2322]}],"failureMessages":[""],"fullName":"Disaggregated Categorical Indicators - District Reporting should get disaggregated category statistics","invocations":1,"location":null,"numPassingAsserts":0,"retryReasons":[],"status":"failed","title":"should get disaggregated category statistics"},{"ancestorTitles":["Disaggregated Categorical Indicators - District Reporting"],"duration":0,"failureDetails":[{"name":"TSError","diagnosticText":"\u001b[96mtests/helpers/createAdminAndToken.ts\u001b[0m:\u001b[93m21\u001b[0m:\u001b[93m5\u001b[0m - \u001b[91merror\u001b[0m\u001b[90m TS2322: \u001b[0mType '{ name: string; }' is not assignable to type 'OrganizationWhereUniqueInput'.\n  Type '{ name: string; }' is not assignable to type '{ id: number; } & { id?: number | undefined; AND?: OrganizationWhereInput | OrganizationWhereInput[] | undefined; OR?: OrganizationWhereInput[] | undefined; ... 5 more ...; invitations?: InvitationListRelationFilter | undefined; }'.\n    Property 'id' is missing in type '{ name: string; }' but required in type '{ id: number; }'.\n\n\u001b[7m21\u001b[0m     where: { name: 'Test Admin Org' },\n\u001b[7m  \u001b[0m \u001b[91m    ~~~~~\u001b[0m\n\n  \u001b[96mnode_modules/.prisma/client/index.d.ts\u001b[0m:\u001b[93m6573\u001b[0m:\u001b[93m5\u001b[0m\n    \u001b[7m6573\u001b[0m     where: OrganizationWhereUniqueInput\n    \u001b[7m    \u001b[0m \u001b[96m    ~~~~~\u001b[0m\n    The expected type comes from property 'where' which is declared here on type '{ select?: OrganizationSelect<DefaultArgs> | null | undefined; include?: OrganizationInclude<DefaultArgs> | null | undefined; where: OrganizationWhereUniqueInput; create: (Without<...> & OrganizationUncheckedCreateInput) | (Without<...> & OrganizationCreateInput); update: (Without<...> & OrganizationUncheckedUpdateI...'\n","diagnosticCodes":[2322]}],"failureMessages":[""],"fullName":"Disaggregated Categorical Indicators - District Reporting should show overall category distribution across all districts","invocations":1,"location":null,"numPassingAsserts":0,"retryReasons":[],"status":"failed","title":"should show overall category distribution across all districts"},{"ancestorTitles":["Disaggregated Categorical Indicators - District Reporting"],"duration":0,"failureDetails":[{"name":"TSError","diagnosticText":"\u001b[96mtests/helpers/createAdminAndToken.ts\u001b[0m:\u001b[93m21\u001b[0m:\u001b[93m5\u001b[0m - \u001b[91merror\u001b[0m\u001b[90m TS2322: \u001b[0mType '{ name: string; }' is not assignable to type 'OrganizationWhereUniqueInput'.\n  Type '{ name: string; }' is not assignable to type '{ id: number; } & { id?: number | undefined; AND?: OrganizationWhereInput | OrganizationWhereInput[] | undefined; OR?: OrganizationWhereInput[] | undefined; ... 5 more ...; invitations?: InvitationListRelationFilter | undefined; }'.\n    Property 'id' is missing in type '{ name: string; }' but required in type '{ id: number; }'.\n\n\u001b[7m21\u001b[0m     where: { name: 'Test Admin Org' },\n\u001b[7m  \u001b[0m \u001b[91m    ~~~~~\u001b[0m\n\n  \u001b[96mnode_modules/.prisma/client/index.d.ts\u001b[0m:\u001b[93m6573\u001b[0m:\u001b[93m5\u001b[0m\n    \u001b[7m6573\u001b[0m     where: OrganizationWhereUniqueInput\n    \u001b[7m    \u001b[0m \u001b[96m    ~~~~~\u001b[0m\n    The expected type comes from property 'where' which is declared here on type '{ select?: OrganizationSelect<DefaultArgs> | null | undefined; include?: OrganizationInclude<DefaultArgs> | null | undefined; where: OrganizationWhereUniqueInput; create: (Without<...> & OrganizationUncheckedCreateInput) | (Without<...> & OrganizationCreateInput); update: (Without<...> & OrganizationUncheckedUpdateI...'\n","diagnosticCodes":[2322]}],"failureMessages":[""],"fullName":"Disaggregated Categorical Indicators - District Reporting should generate disaggregated CSV import template","invocations":1,"location":null,"numPassingAsserts":0,"retryReasons":[],"status":"failed","title":"should generate disaggregated CSV import template"},{"ancestorTitles":["Disaggregated Categorical Indicators - District Reporting"],"duration":0,"failureDetails":[{"name":"TSError","diagnosticText":"\u001b[96mtests/helpers/createAdminAndToken.ts\u001b[0m:\u001b[93m21\u001b[0m:\u001b[93m5\u001b[0m - \u001b[91merror\u001b[0m\u001b[90m TS2322: \u001b[0mType '{ name: string; }' is not assignable to type 'OrganizationWhereUniqueInput'.\n  Type '{ name: string; }' is not assignable to type '{ id: number; } & { id?: number | undefined; AND?: OrganizationWhereInput | OrganizationWhereInput[] | undefined; OR?: OrganizationWhereInput[] | undefined; ... 5 more ...; invitations?: InvitationListRelationFilter | undefined; }'.\n    Property 'id' is missing in type '{ name: string; }' but required in type '{ id: number; }'.\n\n\u001b[7m21\u001b[0m     where: { name: 'Test Admin Org' },\n\u001b[7m  \u001b[0m \u001b[91m    ~~~~~\u001b[0m\n\n  \u001b[96mnode_modules/.prisma/client/index.d.ts\u001b[0m:\u001b[93m6573\u001b[0m:\u001b[93m5\u001b[0m\n    \u001b[7m6573\u001b[0m     where: OrganizationWhereUniqueInput\n    \u001b[7m    \u001b[0m \u001b[96m    ~~~~~\u001b[0m\n    The expected type comes from property 'where' which is declared here on type '{ select?: OrganizationSelect<DefaultArgs> | null | undefined; include?: OrganizationInclude<DefaultArgs> | null | undefined; where: OrganizationWhereUniqueInput; create: (Without<...> & OrganizationUncheckedCreateInput) | (Without<...> & OrganizationCreateInput); update: (Without<...> & OrganizationUncheckedUpdateI...'\n","diagnosticCodes":[2322]}],"failureMessages":[""],"fullName":"Disaggregated Categorical Indicators - District Reporting should calculate reporting compliance rate","invocations":1,"location":null,"numPassingAsserts":0,"retryReasons":[],"status":"failed","title":"should calculate reporting compliance rate"}],"endTime":1776599303235,"message":"  ● Disaggregated Categorical Indicators - District Reporting › should create a categorical indicator with disaggregation dimensions (75 districts)\n\n\n\n\n\n  ● Disaggregated Categorical Indicators - District Reporting › should allow numeric indicator with disaggregation dimensions\n\n\n\n\n\n  ● Disaggregated Categorical Indicators - District Reporting › should create disaggregated submissions for multiple districts\n\n\n\n\n\n  ● Disaggregated Categorical Indicators - District Reporting › should validate disaggregation key against defined dimensions\n\n\n\n\n\n  ● Disaggregated Categorical Indicators - District Reporting › should require disaggregation key when dimension is required\n\n\n\n\n\n  ● Disaggregated Categorical Indicators - District Reporting › should get disaggregated category statistics\n\n\n\n\n\n  ● Disaggregated Categorical Indicators - District Reporting › should show overall category distribution across all districts\n\n\n\n\n\n  ● Disaggregated Categorical Indicators - District Reporting › should generate disaggregated CSV import template\n\n\n\n\n\n  ● Disaggregated Categorical Indicators - District Reporting › should calculate reporting compliance rate\n\n\n\n\n","name":"/home/abishakya/Fyp/Merlin/apps/api/tests/disaggregated-categorical.test.ts","startTime":1776599297341,"status":"failed","summary":""},{"assertionResults":[{"ancestorTitles":["Template Auto-Creation"],"duration":1,"failureDetails":[{"name":"TSError","diagnosticText":"\u001b[96mtests/helpers/createAdminAndToken.ts\u001b[0m:\u001b[93m21\u001b[0m:\u001b[93m5\u001b[0m - \u001b[91merror\u001b[0m\u001b[90m TS2322: \u001b[0mType '{ name: string; }' is not assignable to type 'OrganizationWhereUniqueInput'.\n  Type '{ name: string; }' is not assignable to type '{ id: number; } & { id?: number | undefined; AND?: OrganizationWhereInput | OrganizationWhereInput[] | undefined; OR?: OrganizationWhereInput[] | undefined; ... 5 more ...; invitations?: InvitationListRelationFilter | undefined; }'.\n    Property 'id' is missing in type '{ name: string; }' but required in type '{ id: number; }'.\n\n\u001b[7m21\u001b[0m     where: { name: 'Test Admin Org' },\n\u001b[7m  \u001b[0m \u001b[91m    ~~~~~\u001b[0m\n\n  \u001b[96mnode_modules/.prisma/client/index.d.ts\u001b[0m:\u001b[93m6573\u001b[0m:\u001b[93m5\u001b[0m\n    \u001b[7m6573\u001b[0m     where: OrganizationWhereUniqueInput\n    \u001b[7m    \u001b[0m \u001b[96m    ~~~~~\u001b[0m\n    The expected type comes from property 'where' which is declared here on type '{ select?: OrganizationSelect<DefaultArgs> | null | undefined; include?: OrganizationInclude<DefaultArgs> | null | undefined; where: OrganizationWhereUniqueInput; create: (Without<...> & OrganizationUncheckedCreateInput) | (Without<...> & OrganizationCreateInput); update: (Without<...> & OrganizationUncheckedUpdateI...'\n","diagnosticCodes":[2322]}],"failureMessages":[""],"fullName":"Template Auto-Creation should auto-create import and export templates for NUMBER indicator","invocations":1,"location":null,"numPassingAsserts":0,"retryReasons":[],"status":"failed","title":"should auto-create import and export templates for NUMBER indicator"},{"ancestorTitles":["Template Auto-Creation"],"duration":0,"failureDetails":[{"name":"TSError","diagnosticText":"\u001b[96mtests/helpers/createAdminAndToken.ts\u001b[0m:\u001b[93m21\u001b[0m:\u001b[93m5\u001b[0m - \u001b[91merror\u001b[0m\u001b[90m TS2322: \u001b[0mType '{ name: string; }' is not assignable to type 'OrganizationWhereUniqueInput'.\n  Type '{ name: string; }' is not assignable to type '{ id: number; } & { id?: number | undefined; AND?: OrganizationWhereInput | OrganizationWhereInput[] | undefined; OR?: OrganizationWhereInput[] | undefined; ... 5 more ...; invitations?: InvitationListRelationFilter | undefined; }'.\n    Property 'id' is missing in type '{ name: string; }' but required in type '{ id: number; }'.\n\n\u001b[7m21\u001b[0m     where: { name: 'Test Admin Org' },\n\u001b[7m  \u001b[0m \u001b[91m    ~~~~~\u001b[0m\n\n  \u001b[96mnode_modules/.prisma/client/index.d.ts\u001b[0m:\u001b[93m6573\u001b[0m:\u001b[93m5\u001b[0m\n    \u001b[7m6573\u001b[0m     where: OrganizationWhereUniqueInput\n    \u001b[7m    \u001b[0m \u001b[96m    ~~~~~\u001b[0m\n    The expected type comes from property 'where' which is declared here on type '{ select?: OrganizationSelect<DefaultArgs> | null | undefined; include?: OrganizationInclude<DefaultArgs> | null | undefined; where: OrganizationWhereUniqueInput; create: (Without<...> & OrganizationUncheckedCreateInput) | (Without<...> & OrganizationCreateInput); update: (Without<...> & OrganizationUncheckedUpdateI...'\n","diagnosticCodes":[2322]}],"failureMessages":[""],"fullName":"Template Auto-Creation should auto-create templates for CATEGORICAL indicator","invocations":1,"location":null,"numPassingAsserts":0,"retryReasons":[],"status":"failed","title":"should auto-create templates for CATEGORICAL indicator"},{"ancestorTitles":["Template Auto-Creation"],"duration":0,"failureDetails":[{"name":"TSError","diagnosticText":"\u001b[96mtests/helpers/createAdminAndToken.ts\u001b[0m:\u001b[93m21\u001b[0m:\u001b[93m5\u001b[0m - \u001b[91merror\u001b[0m\u001b[90m TS2322: \u001b[0mType '{ name: string; }' is not assignable to type 'OrganizationWhereUniqueInput'.\n  Type '{ name: string; }' is not assignable to type '{ id: number; } & { id?: number | undefined; AND?: OrganizationWhereInput | OrganizationWhereInput[] | undefined; OR?: OrganizationWhereInput[] | undefined; ... 5 more ...; invitations?: InvitationListRelationFilter | undefined; }'.\n    Property 'id' is missing in type '{ name: string; }' but required in type '{ id: number; }'.\n\n\u001b[7m21\u001b[0m     where: { name: 'Test Admin Org' },\n\u001b[7m  \u001b[0m \u001b[91m    ~~~~~\u001b[0m\n\n  \u001b[96mnode_modules/.prisma/client/index.d.ts\u001b[0m:\u001b[93m6573\u001b[0m:\u001b[93m5\u001b[0m\n    \u001b[7m6573\u001b[0m     where: OrganizationWhereUniqueInput\n    \u001b[7m    \u001b[0m \u001b[96m    ~~~~~\u001b[0m\n    The expected type comes from property 'where' which is declared here on type '{ select?: OrganizationSelect<DefaultArgs> | null | undefined; include?: OrganizationInclude<DefaultArgs> | null | undefined; where: OrganizationWhereUniqueInput; create: (Without<...> & OrganizationUncheckedCreateInput) | (Without<...> & OrganizationCreateInput); update: (Without<...> & OrganizationUncheckedUpdateI...'\n","diagnosticCodes":[2322]}],"failureMessages":[""],"fullName":"Template Auto-Creation should auto-create templates for BOOLEAN indicator","invocations":1,"location":null,"numPassingAsserts":0,"retryReasons":[],"status":"failed","title":"should auto-create templates for BOOLEAN indicator"},{"ancestorTitles":["Template Auto-Creation"],"duration":0,"failureDetails":[{"name":"TSError","diagnosticText":"\u001b[96mtests/helpers/createAdminAndToken.ts\u001b[0m:\u001b[93m21\u001b[0m:\u001b[93m5\u001b[0m - \u001b[91merror\u001b[0m\u001b[90m TS2322: \u001b[0mType '{ name: string; }' is not assignable to type 'OrganizationWhereUniqueInput'.\n  Type '{ name: string; }' is not assignable to type '{ id: number; } & { id?: number | undefined; AND?: OrganizationWhereInput | OrganizationWhereInput[] | undefined; OR?: OrganizationWhereInput[] | undefined; ... 5 more ...; invitations?: InvitationListRelationFilter | undefined; }'.\n    Property 'id' is missing in type '{ name: string; }' but required in type '{ id: number; }'.\n\n\u001b[7m21\u001b[0m     where: { name: 'Test Admin Org' },\n\u001b[7m  \u001b[0m \u001b[91m    ~~~~~\u001b[0m\n\n  \u001b[96mnode_modules/.prisma/client/index.d.ts\u001b[0m:\u001b[93m6573\u001b[0m:\u001b[93m5\u001b[0m\n    \u001b[7m6573\u001b[0m     where: OrganizationWhereUniqueInput\n    \u001b[7m    \u001b[0m \u001b[96m    ~~~~~\u001b[0m\n    The expected type comes from property 'where' which is declared here on type '{ select?: OrganizationSelect<DefaultArgs> | null | undefined; include?: OrganizationInclude<DefaultArgs> | null | undefined; where: OrganizationWhereUniqueInput; create: (Without<...> & OrganizationUncheckedCreateInput) | (Without<...> & OrganizationCreateInput); update: (Without<...> & OrganizationUncheckedUpdateI...'\n","diagnosticCodes":[2322]}],"failureMessages":[""],"fullName":"Template Auto-Creation should auto-create templates for TEXT indicator","invocations":1,"location":null,"numPassingAsserts":0,"retryReasons":[],"status":"failed","title":"should auto-create templates for TEXT indicator"}],"endTime":1776599306533,"message":"  ● Template Auto-Creation › should auto-create import and export templates for NUMBER indicator\n\n\n\n\n\n  ● Template Auto-Creation › should auto-create templates for CATEGORICAL indicator\n\n\n\n\n\n  ● Template Auto-Creation › should auto-create templates for BOOLEAN indicator\n\n\n\n\n\n  ● Template Auto-Creation › should auto-create templates for TEXT indicator\n\n\n\n\n","name":"/home/abishakya/Fyp/Merlin/apps/api/tests/template-auto-creation.test.ts","startTime":1776599303255,"status":"failed","summary":""},{"assertionResults":[{"ancestorTitles":["Auth flows"],"duration":75,"failureDetails":[],"failureMessages":[],"fullName":"Auth flows logs in and returns access token","invocations":1,"location":null,"numPassingAsserts":3,"retryReasons":[],"status":"passed","title":"logs in and returns access token"},{"ancestorTitles":["Auth flows"],"duration":74,"failureDetails":[],"failureMessages":[],"fullName":"Auth flows returns current user via /auth/me","invocations":1,"location":null,"numPassingAsserts":3,"retryReasons":[],"status":"passed","title":"returns current user via /auth/me"}],"endTime":1776599307339,"message":"","name":"/home/abishakya/Fyp/Merlin/apps/api/tests/auth.test.ts","startTime":1776599306538,"status":"passed","summary":""},{"assertionResults":[{"ancestorTitles":["ML Anomaly Detection"],"duration":92,"failureDetails":[],"failureMessages":[],"fullName":"ML Anomaly Detection should score anomaly using ML service","invocations":1,"location":null,"numPassingAsserts":6,"retryReasons":[],"status":"passed","title":"should score anomaly using ML service"},{"ancestorTitles":["ML Anomaly Detection"],"duration":191,"failureDetails":[],"failureMessages":[],"fullName":"ML Anomaly Detection should recalculate anomalies when indicator anomaly mode changes to ML","invocations":1,"location":null,"numPassingAsserts":3,"retryReasons":[],"status":"passed","title":"should recalculate anomalies when indicator anomaly mode changes to ML"},{"ancestorTitles":["ML Anomaly Detection"],"duration":78,"failureDetails":[],"failureMessages":[],"fullName":"ML Anomaly Detection should recalculate anomalies for existing submissions","invocations":1,"location":null,"numPassingAsserts":9,"retryReasons":[],"status":"passed","title":"should recalculate anomalies for existing submissions"}],"endTime":1776599308505,"message":"","name":"/home/abishakya/Fyp/Merlin/apps/api/tests/anomaly-ml.test.ts","startTime":1776599307345,"status":"passed","summary":""},{"assertionResults":[{"ancestorTitles":["ML fallback behavior"],"duration":46,"failureDetails":[],"failureMessages":[],"fullName":"ML fallback behavior uses rules fallback and persists ML_FALLBACK metadata when ML fails","invocations":1,"location":null,"numPassingAsserts":4,"retryReasons":[],"status":"passed","title":"uses rules fallback and persists ML_FALLBACK metadata when ML fails"},{"ancestorTitles":["ML fallback behavior"],"duration":25,"failureDetails":[],"failureMessages":[],"fullName":"ML fallback behavior returns ML_UNAVAILABLE when fallback is disabled","invocations":1,"location":null,"numPassingAsserts":2,"retryReasons":[],"status":"passed","title":"returns ML_UNAVAILABLE when fallback is disabled"},{"ancestorTitles":["ML fallback behavior"],"duration":17,"failureDetails":[],"failureMessages":[],"fullName":"ML fallback behavior reports ML health via /health/ml","invocations":1,"location":null,"numPassingAsserts":3,"retryReasons":[],"status":"passed","title":"reports ML health via /health/ml"}],"endTime":1776599309348,"message":"","name":"/home/abishakya/Fyp/Merlin/apps/api/tests/anomaly-ml-fallback.test.ts","startTime":1776599308513,"status":"passed","summary":""},{"assertionResults":[{"ancestorTitles":["jobs/scheduler"],"duration":7,"failureDetails":[],"failureMessages":[],"fullName":"jobs/scheduler schedules reminder job using configured cron expression","invocations":1,"location":null,"numPassingAsserts":2,"retryReasons":[],"status":"passed","title":"schedules reminder job using configured cron expression"}],"endTime":1776599309507,"message":"","name":"/home/abishakya/Fyp/Merlin/apps/api/tests/scheduler.test.ts","startTime":1776599309357,"status":"passed","summary":""},{"assertionResults":[{"ancestorTitles":["ExportService.sanitizeCell"],"duration":1,"failureDetails":[],"failureMessages":[],"fullName":"ExportService.sanitizeCell returns empty string for null and undefined","invocations":1,"location":null,"numPassingAsserts":2,"retryReasons":[],"status":"passed","title":"returns empty string for null and undefined"},{"ancestorTitles":["ExportService.sanitizeCell"],"duration":1,"failureDetails":[],"failureMessages":[],"fullName":"ExportService.sanitizeCell prefixes dangerous leading characters with single quote","invocations":1,"location":null,"numPassingAsserts":6,"retryReasons":[],"status":"passed","title":"prefixes dangerous leading characters with single quote"},{"ancestorTitles":["ExportService.sanitizeCell"],"duration":0,"failureDetails":[],"failureMessages":[],"fullName":"ExportService.sanitizeCell returns normal strings unchanged","invocations":1,"location":null,"numPassingAsserts":3,"retryReasons":[],"status":"passed","title":"returns normal strings unchanged"}],"endTime":1776599309626,"message":"","name":"/home/abishakya/Fyp/Merlin/apps/api/tests/unit/exportService.sanitize.test.ts","startTime":1776599309517,"status":"passed","summary":""},{"assertionResults":[{"ancestorTitles":[],"duration":1,"failureDetails":[],"failureMessages":[],"fullName":"U010 - getCategoryDistribution computes counts and percentages","invocations":1,"location":null,"numPassingAsserts":3,"retryReasons":[],"status":"passed","title":"U010 - getCategoryDistribution computes counts and percentages"}],"endTime":1776599309683,"message":"","name":"/home/abishakya/Fyp/Merlin/apps/api/tests/unit/U010-get-category-distribution.test.ts","startTime":1776599309630,"status":"passed","summary":""},{"assertionResults":[{"ancestorTitles":[],"duration":6,"failureDetails":[],"failureMessages":[],"fullName":"U009 - validateDisaggregationKey throws when required dimension missing","invocations":1,"location":null,"numPassingAsserts":1,"retryReasons":[],"status":"passed","title":"U009 - validateDisaggregationKey throws when required dimension missing"}],"endTime":1776599309734,"message":"","name":"/home/abishakya/Fyp/Merlin/apps/api/tests/unit/U009-validate-disaggregation-missing-required.test.ts","startTime":1776599309690,"status":"passed","summary":""},{"assertionResults":[{"ancestorTitles":[],"duration":1,"failureDetails":[],"failureMessages":[],"fullName":"U007 - detectReportingGaps finds gaps for monthly frequency","invocations":1,"location":null,"numPassingAsserts":1,"retryReasons":[],"status":"passed","title":"U007 - detectReportingGaps finds gaps for monthly frequency"}],"endTime":1776599309811,"message":"","name":"/home/abishakya/Fyp/Merlin/apps/api/tests/unit/U007-detect-reporting-gaps.test.ts","startTime":1776599309741,"status":"passed","summary":""},{"assertionResults":[{"ancestorTitles":[],"duration":0,"failureDetails":[],"failureMessages":[],"fullName":"U008 - validateCategories accepts valid category list","invocations":1,"location":null,"numPassingAsserts":1,"retryReasons":[],"status":"passed","title":"U008 - validateCategories accepts valid category list"}],"endTime":1776599309851,"message":"","name":"/home/abishakya/Fyp/Merlin/apps/api/tests/unit/U008-validate-categories-valid.test.ts","startTime":1776599309817,"status":"passed","summary":""},{"assertionResults":[{"ancestorTitles":["Categorical Indicators","Creating Categorical Indicators"],"duration":0,"failureDetails":[{"name":"TSError","diagnosticText":"\u001b[96mtests/helpers/createAdminAndToken.ts\u001b[0m:\u001b[93m21\u001b[0m:\u001b[93m5\u001b[0m - \u001b[91merror\u001b[0m\u001b[90m TS2322: \u001b[0mType '{ name: string; }' is not assignable to type 'OrganizationWhereUniqueInput'.\n  Type '{ name: string; }' is not assignable to type '{ id: number; } & { id?: number | undefined; AND?: OrganizationWhereInput | OrganizationWhereInput[] | undefined; OR?: OrganizationWhereInput[] | undefined; ... 5 more ...; invitations?: InvitationListRelationFilter | undefined; }'.\n    Property 'id' is missing in type '{ name: string; }' but required in type '{ id: number; }'.\n\n\u001b[7m21\u001b[0m     where: { name: 'Test Admin Org' },\n\u001b[7m  \u001b[0m \u001b[91m    ~~~~~\u001b[0m\n\n  \u001b[96mnode_modules/.prisma/client/index.d.ts\u001b[0m:\u001b[93m6573\u001b[0m:\u001b[93m5\u001b[0m\n    \u001b[7m6573\u001b[0m     where: OrganizationWhereUniqueInput\n    \u001b[7m    \u001b[0m \u001b[96m    ~~~~~\u001b[0m\n    The expected type comes from property 'where' which is declared here on type '{ select?: OrganizationSelect<DefaultArgs> | null | undefined; include?: OrganizationInclude<DefaultArgs> | null | undefined; where: OrganizationWhereUniqueInput; create: (Without<...> & OrganizationUncheckedCreateInput) | (Without<...> & OrganizationCreateInput); update: (Without<...> & OrganizationUncheckedUpdateI...'\n","diagnosticCodes":[2322]}],"failureMessages":[""],"fullName":"Categorical Indicators Creating Categorical Indicators should create a categorical indicator with valid categories","invocations":1,"location":null,"numPassingAsserts":0,"retryReasons":[],"status":"failed","title":"should create a categorical indicator with valid categories"},{"ancestorTitles":["Categorical Indicators","Creating Categorical Indicators"],"duration":0,"failureDetails":[{"name":"TSError","diagnosticText":"\u001b[96mtests/helpers/createAdminAndToken.ts\u001b[0m:\u001b[93m21\u001b[0m:\u001b[93m5\u001b[0m - \u001b[91merror\u001b[0m\u001b[90m TS2322: \u001b[0mType '{ name: string; }' is not assignable to type 'OrganizationWhereUniqueInput'.\n  Type '{ name: string; }' is not assignable to type '{ id: number; } & { id?: number | undefined; AND?: OrganizationWhereInput | OrganizationWhereInput[] | undefined; OR?: OrganizationWhereInput[] | undefined; ... 5 more ...; invitations?: InvitationListRelationFilter | undefined; }'.\n    Property 'id' is missing in type '{ name: string; }' but required in type '{ id: number; }'.\n\n\u001b[7m21\u001b[0m     where: { name: 'Test Admin Org' },\n\u001b[7m  \u001b[0m \u001b[91m    ~~~~~\u001b[0m\n\n  \u001b[96mnode_modules/.prisma/client/index.d.ts\u001b[0m:\u001b[93m6573\u001b[0m:\u001b[93m5\u001b[0m\n    \u001b[7m6573\u001b[0m     where: OrganizationWhereUniqueInput\n    \u001b[7m    \u001b[0m \u001b[96m    ~~~~~\u001b[0m\n    The expected type comes from property 'where' which is declared here on type '{ select?: OrganizationSelect<DefaultArgs> | null | undefined; include?: OrganizationInclude<DefaultArgs> | null | undefined; where: OrganizationWhereUniqueInput; create: (Without<...> & OrganizationUncheckedCreateInput) | (Without<...> & OrganizationCreateInput); update: (Without<...> & OrganizationUncheckedUpdateI...'\n","diagnosticCodes":[2322]}],"failureMessages":[""],"fullName":"Categorical Indicators Creating Categorical Indicators should reject categorical indicator without categories","invocations":1,"location":null,"numPassingAsserts":0,"retryReasons":[],"status":"failed","title":"should reject categorical indicator without categories"},{"ancestorTitles":["Categorical Indicators","Creating Categorical Indicators"],"duration":0,"failureDetails":[{"name":"TSError","diagnosticText":"\u001b[96mtests/helpers/createAdminAndToken.ts\u001b[0m:\u001b[93m21\u001b[0m:\u001b[93m5\u001b[0m - \u001b[91merror\u001b[0m\u001b[90m TS2322: \u001b[0mType '{ name: string; }' is not assignable to type 'OrganizationWhereUniqueInput'.\n  Type '{ name: string; }' is not assignable to type '{ id: number; } & { id?: number | undefined; AND?: OrganizationWhereInput | OrganizationWhereInput[] | undefined; OR?: OrganizationWhereInput[] | undefined; ... 5 more ...; invitations?: InvitationListRelationFilter | undefined; }'.\n    Property 'id' is missing in type '{ name: string; }' but required in type '{ id: number; }'.\n\n\u001b[7m21\u001b[0m     where: { name: 'Test Admin Org' },\n\u001b[7m  \u001b[0m \u001b[91m    ~~~~~\u001b[0m\n\n  \u001b[96mnode_modules/.prisma/client/index.d.ts\u001b[0m:\u001b[93m6573\u001b[0m:\u001b[93m5\u001b[0m\n    \u001b[7m6573\u001b[0m     where: OrganizationWhereUniqueInput\n    \u001b[7m    \u001b[0m \u001b[96m    ~~~~~\u001b[0m\n    The expected type comes from property 'where' which is declared here on type '{ select?: OrganizationSelect<DefaultArgs> | null | undefined; include?: OrganizationInclude<DefaultArgs> | null | undefined; where: OrganizationWhereUniqueInput; create: (Without<...> & OrganizationUncheckedCreateInput) | (Without<...> & OrganizationCreateInput); update: (Without<...> & OrganizationUncheckedUpdateI...'\n","diagnosticCodes":[2322]}],"failureMessages":[""],"fullName":"Categorical Indicators Creating Categorical Indicators should reject duplicate category IDs","invocations":1,"location":null,"numPassingAsserts":0,"retryReasons":[],"status":"failed","title":"should reject duplicate category IDs"},{"ancestorTitles":["Categorical Indicators","Submitting Categorical Values"],"duration":0,"failureDetails":[{"name":"TSError","diagnosticText":"\u001b[96mtests/helpers/createAdminAndToken.ts\u001b[0m:\u001b[93m21\u001b[0m:\u001b[93m5\u001b[0m - \u001b[91merror\u001b[0m\u001b[90m TS2322: \u001b[0mType '{ name: string; }' is not assignable to type 'OrganizationWhereUniqueInput'.\n  Type '{ name: string; }' is not assignable to type '{ id: number; } & { id?: number | undefined; AND?: OrganizationWhereInput | OrganizationWhereInput[] | undefined; OR?: OrganizationWhereInput[] | undefined; ... 5 more ...; invitations?: InvitationListRelationFilter | undefined; }'.\n    Property 'id' is missing in type '{ name: string; }' but required in type '{ id: number; }'.\n\n\u001b[7m21\u001b[0m     where: { name: 'Test Admin Org' },\n\u001b[7m  \u001b[0m \u001b[91m    ~~~~~\u001b[0m\n\n  \u001b[96mnode_modules/.prisma/client/index.d.ts\u001b[0m:\u001b[93m6573\u001b[0m:\u001b[93m5\u001b[0m\n    \u001b[7m6573\u001b[0m     where: OrganizationWhereUniqueInput\n    \u001b[7m    \u001b[0m \u001b[96m    ~~~~~\u001b[0m\n    The expected type comes from property 'where' which is declared here on type '{ select?: OrganizationSelect<DefaultArgs> | null | undefined; include?: OrganizationInclude<DefaultArgs> | null | undefined; where: OrganizationWhereUniqueInput; create: (Without<...> & OrganizationUncheckedCreateInput) | (Without<...> & OrganizationCreateInput); update: (Without<...> & OrganizationUncheckedUpdateI...'\n","diagnosticCodes":[2322]}],"failureMessages":[""],"fullName":"Categorical Indicators Submitting Categorical Values should accept valid category value","invocations":1,"location":null,"numPassingAsserts":0,"retryReasons":[],"status":"failed","title":"should accept valid category value"},{"ancestorTitles":["Categorical Indicators","Submitting Categorical Values"],"duration":0,"failureDetails":[{"name":"TSError","diagnosticText":"\u001b[96mtests/helpers/createAdminAndToken.ts\u001b[0m:\u001b[93m21\u001b[0m:\u001b[93m5\u001b[0m - \u001b[91merror\u001b[0m\u001b[90m TS2322: \u001b[0mType '{ name: string; }' is not assignable to type 'OrganizationWhereUniqueInput'.\n  Type '{ name: string; }' is not assignable to type '{ id: number; } & { id?: number | undefined; AND?: OrganizationWhereInput | OrganizationWhereInput[] | undefined; OR?: OrganizationWhereInput[] | undefined; ... 5 more ...; invitations?: InvitationListRelationFilter | undefined; }'.\n    Property 'id' is missing in type '{ name: string; }' but required in type '{ id: number; }'.\n\n\u001b[7m21\u001b[0m     where: { name: 'Test Admin Org' },\n\u001b[7m  \u001b[0m \u001b[91m    ~~~~~\u001b[0m\n\n  \u001b[96mnode_modules/.prisma/client/index.d.ts\u001b[0m:\u001b[93m6573\u001b[0m:\u001b[93m5\u001b[0m\n    \u001b[7m6573\u001b[0m     where: OrganizationWhereUniqueInput\n    \u001b[7m    \u001b[0m \u001b[96m    ~~~~~\u001b[0m\n    The expected type comes from property 'where' which is declared here on type '{ select?: OrganizationSelect<DefaultArgs> | null | undefined; include?: OrganizationInclude<DefaultArgs> | null | undefined; where: OrganizationWhereUniqueInput; create: (Without<...> & OrganizationUncheckedCreateInput) | (Without<...> & OrganizationCreateInput); update: (Without<...> & OrganizationUncheckedUpdateI...'\n","diagnosticCodes":[2322]}],"failureMessages":[""],"fullName":"Categorical Indicators Submitting Categorical Values should reject invalid category ID","invocations":1,"location":null,"numPassingAsserts":0,"retryReasons":[],"status":"failed","title":"should reject invalid category ID"},{"ancestorTitles":["Categorical Indicators","Submitting Categorical Values"],"duration":0,"failureDetails":[{"name":"TSError","diagnosticText":"\u001b[96mtests/helpers/createAdminAndToken.ts\u001b[0m:\u001b[93m21\u001b[0m:\u001b[93m5\u001b[0m - \u001b[91merror\u001b[0m\u001b[90m TS2322: \u001b[0mType '{ name: string; }' is not assignable to type 'OrganizationWhereUniqueInput'.\n  Type '{ name: string; }' is not assignable to type '{ id: number; } & { id?: number | undefined; AND?: OrganizationWhereInput | OrganizationWhereInput[] | undefined; OR?: OrganizationWhereInput[] | undefined; ... 5 more ...; invitations?: InvitationListRelationFilter | undefined; }'.\n    Property 'id' is missing in type '{ name: string; }' but required in type '{ id: number; }'.\n\n\u001b[7m21\u001b[0m     where: { name: 'Test Admin Org' },\n\u001b[7m  \u001b[0m \u001b[91m    ~~~~~\u001b[0m\n\n  \u001b[96mnode_modules/.prisma/client/index.d.ts\u001b[0m:\u001b[93m6573\u001b[0m:\u001b[93m5\u001b[0m\n    \u001b[7m6573\u001b[0m     where: OrganizationWhereUniqueInput\n    \u001b[7m    \u001b[0m \u001b[96m    ~~~~~\u001b[0m\n    The expected type comes from property 'where' which is declared here on type '{ select?: OrganizationSelect<DefaultArgs> | null | undefined; include?: OrganizationInclude<DefaultArgs> | null | undefined; where: OrganizationWhereUniqueInput; create: (Without<...> & OrganizationUncheckedCreateInput) | (Without<...> & OrganizationCreateInput); update: (Without<...> & OrganizationUncheckedUpdateI...'\n","diagnosticCodes":[2322]}],"failureMessages":[""],"fullName":"Categorical Indicators Submitting Categorical Values should reject multiple selections when not allowed","invocations":1,"location":null,"numPassingAsserts":0,"retryReasons":[],"status":"failed","title":"should reject multiple selections when not allowed"},{"ancestorTitles":["Categorical Indicators","Categorical Statistics"],"duration":0,"failureDetails":[{"name":"TSError","diagnosticText":"\u001b[96mtests/helpers/createAdminAndToken.ts\u001b[0m:\u001b[93m21\u001b[0m:\u001b[93m5\u001b[0m - \u001b[91merror\u001b[0m\u001b[90m TS2322: \u001b[0mType '{ name: string; }' is not assignable to type 'OrganizationWhereUniqueInput'.\n  Type '{ name: string; }' is not assignable to type '{ id: number; } & { id?: number | undefined; AND?: OrganizationWhereInput | OrganizationWhereInput[] | undefined; OR?: OrganizationWhereInput[] | undefined; ... 5 more ...; invitations?: InvitationListRelationFilter | undefined; }'.\n    Property 'id' is missing in type '{ name: string; }' but required in type '{ id: number; }'.\n\n\u001b[7m21\u001b[0m     where: { name: 'Test Admin Org' },\n\u001b[7m  \u001b[0m \u001b[91m    ~~~~~\u001b[0m\n\n  \u001b[96mnode_modules/.prisma/client/index.d.ts\u001b[0m:\u001b[93m6573\u001b[0m:\u001b[93m5\u001b[0m\n    \u001b[7m6573\u001b[0m     where: OrganizationWhereUniqueInput\n    \u001b[7m    \u001b[0m \u001b[96m    ~~~~~\u001b[0m\n    The expected type comes from property 'where' which is declared here on type '{ select?: OrganizationSelect<DefaultArgs> | null | undefined; include?: OrganizationInclude<DefaultArgs> | null | undefined; where: OrganizationWhereUniqueInput; create: (Without<...> & OrganizationUncheckedCreateInput) | (Without<...> & OrganizationCreateInput); update: (Without<...> & OrganizationUncheckedUpdateI...'\n","diagnosticCodes":[2322]}],"failureMessages":[""],"fullName":"Categorical Indicators Categorical Statistics should return category distribution","invocations":1,"location":null,"numPassingAsserts":0,"retryReasons":[],"status":"failed","title":"should return category distribution"},{"ancestorTitles":["Categorical Indicators","Categorical Statistics"],"duration":0,"failureDetails":[{"name":"TSError","diagnosticText":"\u001b[96mtests/helpers/createAdminAndToken.ts\u001b[0m:\u001b[93m21\u001b[0m:\u001b[93m5\u001b[0m - \u001b[91merror\u001b[0m\u001b[90m TS2322: \u001b[0mType '{ name: string; }' is not assignable to type 'OrganizationWhereUniqueInput'.\n  Type '{ name: string; }' is not assignable to type '{ id: number; } & { id?: number | undefined; AND?: OrganizationWhereInput | OrganizationWhereInput[] | undefined; OR?: OrganizationWhereInput[] | undefined; ... 5 more ...; invitations?: InvitationListRelationFilter | undefined; }'.\n    Property 'id' is missing in type '{ name: string; }' but required in type '{ id: number; }'.\n\n\u001b[7m21\u001b[0m     where: { name: 'Test Admin Org' },\n\u001b[7m  \u001b[0m \u001b[91m    ~~~~~\u001b[0m\n\n  \u001b[96mnode_modules/.prisma/client/index.d.ts\u001b[0m:\u001b[93m6573\u001b[0m:\u001b[93m5\u001b[0m\n    \u001b[7m6573\u001b[0m     where: OrganizationWhereUniqueInput\n    \u001b[7m    \u001b[0m \u001b[96m    ~~~~~\u001b[0m\n    The expected type comes from property 'where' which is declared here on type '{ select?: OrganizationSelect<DefaultArgs> | null | undefined; include?: OrganizationInclude<DefaultArgs> | null | undefined; where: OrganizationWhereUniqueInput; create: (Without<...> & OrganizationUncheckedCreateInput) | (Without<...> & OrganizationCreateInput); update: (Without<...> & OrganizationUncheckedUpdateI...'\n","diagnosticCodes":[2322]}],"failureMessages":[""],"fullName":"Categorical Indicators Categorical Statistics should identify most frequent category","invocations":1,"location":null,"numPassingAsserts":0,"retryReasons":[],"status":"failed","title":"should identify most frequent category"},{"ancestorTitles":["Categorical Indicators","Categorical Statistics"],"duration":0,"failureDetails":[{"name":"TSError","diagnosticText":"\u001b[96mtests/helpers/createAdminAndToken.ts\u001b[0m:\u001b[93m21\u001b[0m:\u001b[93m5\u001b[0m - \u001b[91merror\u001b[0m\u001b[90m TS2322: \u001b[0mType '{ name: string; }' is not assignable to type 'OrganizationWhereUniqueInput'.\n  Type '{ name: string; }' is not assignable to type '{ id: number; } & { id?: number | undefined; AND?: OrganizationWhereInput | OrganizationWhereInput[] | undefined; OR?: OrganizationWhereInput[] | undefined; ... 5 more ...; invitations?: InvitationListRelationFilter | undefined; }'.\n    Property 'id' is missing in type '{ name: string; }' but required in type '{ id: number; }'.\n\n\u001b[7m21\u001b[0m     where: { name: 'Test Admin Org' },\n\u001b[7m  \u001b[0m \u001b[91m    ~~~~~\u001b[0m\n\n  \u001b[96mnode_modules/.prisma/client/index.d.ts\u001b[0m:\u001b[93m6573\u001b[0m:\u001b[93m5\u001b[0m\n    \u001b[7m6573\u001b[0m     where: OrganizationWhereUniqueInput\n    \u001b[7m    \u001b[0m \u001b[96m    ~~~~~\u001b[0m\n    The expected type comes from property 'where' which is declared here on type '{ select?: OrganizationSelect<DefaultArgs> | null | undefined; include?: OrganizationInclude<DefaultArgs> | null | undefined; where: OrganizationWhereUniqueInput; create: (Without<...> & OrganizationUncheckedCreateInput) | (Without<...> & OrganizationCreateInput); update: (Without<...> & OrganizationUncheckedUpdateI...'\n","diagnosticCodes":[2322]}],"failureMessages":[""],"fullName":"Categorical Indicators Categorical Statistics should include stats in indicator stats endpoint","invocations":1,"location":null,"numPassingAsserts":0,"retryReasons":[],"status":"failed","title":"should include stats in indicator stats endpoint"},{"ancestorTitles":["Categorical Indicators","Categorical Statistics"],"duration":0,"failureDetails":[{"name":"TSError","diagnosticText":"\u001b[96mtests/helpers/createAdminAndToken.ts\u001b[0m:\u001b[93m21\u001b[0m:\u001b[93m5\u001b[0m - \u001b[91merror\u001b[0m\u001b[90m TS2322: \u001b[0mType '{ name: string; }' is not assignable to type 'OrganizationWhereUniqueInput'.\n  Type '{ name: string; }' is not assignable to type '{ id: number; } & { id?: number | undefined; AND?: OrganizationWhereInput | OrganizationWhereInput[] | undefined; OR?: OrganizationWhereInput[] | undefined; ... 5 more ...; invitations?: InvitationListRelationFilter | undefined; }'.\n    Property 'id' is missing in type '{ name: string; }' but required in type '{ id: number; }'.\n\n\u001b[7m21\u001b[0m     where: { name: 'Test Admin Org' },\n\u001b[7m  \u001b[0m \u001b[91m    ~~~~~\u001b[0m\n\n  \u001b[96mnode_modules/.prisma/client/index.d.ts\u001b[0m:\u001b[93m6573\u001b[0m:\u001b[93m5\u001b[0m\n    \u001b[7m6573\u001b[0m     where: OrganizationWhereUniqueInput\n    \u001b[7m    \u001b[0m \u001b[96m    ~~~~~\u001b[0m\n    The expected type comes from property 'where' which is declared here on type '{ select?: OrganizationSelect<DefaultArgs> | null | undefined; include?: OrganizationInclude<DefaultArgs> | null | undefined; where: OrganizationWhereUniqueInput; create: (Without<...> & OrganizationUncheckedCreateInput) | (Without<...> & OrganizationCreateInput); update: (Without<...> & OrganizationUncheckedUpdateI...'\n","diagnosticCodes":[2322]}],"failureMessages":[""],"fullName":"Categorical Indicators Categorical Statistics should reject category-distribution for non-categorical indicators","invocations":1,"location":null,"numPassingAsserts":0,"retryReasons":[],"status":"failed","title":"should reject category-distribution for non-categorical indicators"},{"ancestorTitles":["Categorical Indicators","Updating Categorical Indicators"],"duration":0,"failureDetails":[{"name":"TSError","diagnosticText":"\u001b[96mtests/helpers/createAdminAndToken.ts\u001b[0m:\u001b[93m21\u001b[0m:\u001b[93m5\u001b[0m - \u001b[91merror\u001b[0m\u001b[90m TS2322: \u001b[0mType '{ name: string; }' is not assignable to type 'OrganizationWhereUniqueInput'.\n  Type '{ name: string; }' is not assignable to type '{ id: number; } & { id?: number | undefined; AND?: OrganizationWhereInput | OrganizationWhereInput[] | undefined; OR?: OrganizationWhereInput[] | undefined; ... 5 more ...; invitations?: InvitationListRelationFilter | undefined; }'.\n    Property 'id' is missing in type '{ name: string; }' but required in type '{ id: number; }'.\n\n\u001b[7m21\u001b[0m     where: { name: 'Test Admin Org' },\n\u001b[7m  \u001b[0m \u001b[91m    ~~~~~\u001b[0m\n\n  \u001b[96mnode_modules/.prisma/client/index.d.ts\u001b[0m:\u001b[93m6573\u001b[0m:\u001b[93m5\u001b[0m\n    \u001b[7m6573\u001b[0m     where: OrganizationWhereUniqueInput\n    \u001b[7m    \u001b[0m \u001b[96m    ~~~~~\u001b[0m\n    The expected type comes from property 'where' which is declared here on type '{ select?: OrganizationSelect<DefaultArgs> | null | undefined; include?: OrganizationInclude<DefaultArgs> | null | undefined; where: OrganizationWhereUniqueInput; create: (Without<...> & OrganizationUncheckedCreateInput) | (Without<...> & OrganizationCreateInput); update: (Without<...> & OrganizationUncheckedUpdateI...'\n","diagnosticCodes":[2322]}],"failureMessages":[""],"fullName":"Categorical Indicators Updating Categorical Indicators should allow updating category config","invocations":1,"location":null,"numPassingAsserts":0,"retryReasons":[],"status":"failed","title":"should allow updating category config"},{"ancestorTitles":["Categorical Indicators","Updating Categorical Indicators"],"duration":0,"failureDetails":[{"name":"TSError","diagnosticText":"\u001b[96mtests/helpers/createAdminAndToken.ts\u001b[0m:\u001b[93m21\u001b[0m:\u001b[93m5\u001b[0m - \u001b[91merror\u001b[0m\u001b[90m TS2322: \u001b[0mType '{ name: string; }' is not assignable to type 'OrganizationWhereUniqueInput'.\n  Type '{ name: string; }' is not assignable to type '{ id: number; } & { id?: number | undefined; AND?: OrganizationWhereInput | OrganizationWhereInput[] | undefined; OR?: OrganizationWhereInput[] | undefined; ... 5 more ...; invitations?: InvitationListRelationFilter | undefined; }'.\n    Property 'id' is missing in type '{ name: string; }' but required in type '{ id: number; }'.\n\n\u001b[7m21\u001b[0m     where: { name: 'Test Admin Org' },\n\u001b[7m  \u001b[0m \u001b[91m    ~~~~~\u001b[0m\n\n  \u001b[96mnode_modules/.prisma/client/index.d.ts\u001b[0m:\u001b[93m6573\u001b[0m:\u001b[93m5\u001b[0m\n    \u001b[7m6573\u001b[0m     where: OrganizationWhereUniqueInput\n    \u001b[7m    \u001b[0m \u001b[96m    ~~~~~\u001b[0m\n    The expected type comes from property 'where' which is declared here on type '{ select?: OrganizationSelect<DefaultArgs> | null | undefined; include?: OrganizationInclude<DefaultArgs> | null | undefined; where: OrganizationWhereUniqueInput; create: (Without<...> & OrganizationUncheckedCreateInput) | (Without<...> & OrganizationCreateInput); update: (Without<...> & OrganizationUncheckedUpdateI...'\n","diagnosticCodes":[2322]}],"failureMessages":[""],"fullName":"Categorical Indicators Updating Categorical Indicators should allow adding new categories","invocations":1,"location":null,"numPassingAsserts":0,"retryReasons":[],"status":"failed","title":"should allow adding new categories"}],"endTime":1776599312986,"message":"  ● Categorical Indicators › Creating Categorical Indicators › should create a categorical indicator with valid categories\n\n\n\n\n\n  ● Categorical Indicators › Creating Categorical Indicators › should reject categorical indicator without categories\n\n\n\n\n\n  ● Categorical Indicators › Creating Categorical Indicators › should reject duplicate category IDs\n\n\n\n\n\n  ● Categorical Indicators › Submitting Categorical Values › should accept valid category value\n\n\n\n\n\n  ● Categorical Indicators › Submitting Categorical Values › should reject invalid category ID\n\n\n\n\n\n  ● Categorical Indicators › Submitting Categorical Values › should reject multiple selections when not allowed\n\n\n\n\n\n  ● Categorical Indicators › Categorical Statistics › should return category distribution\n\n\n\n\n\n  ● Categorical Indicators › Categorical Statistics › should identify most frequent category\n\n\n\n\n\n  ● Categorical Indicators › Categorical Statistics › should include stats in indicator stats endpoint\n\n\n\n\n\n  ● Categorical Indicators › Categorical Statistics › should reject category-distribution for non-categorical indicators\n\n\n\n\n\n  ● Categorical Indicators › Updating Categorical Indicators › should allow updating category config\n\n\n\n\n\n  ● Categorical Indicators › Updating Categorical Indicators › should allow adding new categories\n\n\n\n\n","name":"/home/abishakya/Fyp/Merlin/apps/api/tests/categorical.test.ts","startTime":1776599309867,"status":"failed","summary":""}],"wasInterrupted":false}
